[14:56:43] [main/INFO]: Setting user: Player515
[14:56:47] [main/WARN]: Skipping bad option: lastServer:
[14:56:47] [main/INFO]: LWJGL Version: 2.9.4
[14:56:53] [main/INFO]: Reloading ResourceManager: Default, FMLFileResourcePack:Forge Mod Loader, FMLFileResourcePack:Minecraft Forge, FMLFileResourcePack:Test Mod
[14:56:56] [Sound Library Loader/INFO]: Starting up SoundSystem...
[14:56:56] [Thread-5/INFO]: Initializing LWJGL OpenAL
[14:56:56] [Thread-5/INFO]: (The LWJGL binding of OpenAL.  For more information, see http://www.lwjgl.org)
[14:56:56] [Thread-5/INFO]: OpenAL initialized.
[14:56:56] [Sound Library Loader/INFO]: Sound engine started
[14:57:00] [main/INFO]: Created: 512x512 textures-atlas
[14:57:02] [main/WARN]: Skipping bad option: lastServer:
[14:57:02] [main/INFO]: Narrator library for x64 successfully loaded
[14:57:03] [Realms Notification Availability checker #1/INFO]: Could not authorize you against Realms server: Invalid session id
[14:57:06] [Server thread/INFO]: Starting integrated minecraft server version 1.12.2
[14:57:06] [Server thread/INFO]: Generating keypair
[14:57:06] [Server thread/INFO]: Loaded 488 advancements
[14:57:07] [Server thread/INFO]: Preparing start region for level 0
[14:57:07] [Server thread/INFO]: Changing view distance to 12, from 10
[14:57:08] [Server thread/INFO]: Player515[local:E:bc17f774] logged in with entity id 134 at (311.2070085306416, 4.0, 216.41865251838217)
[14:57:08] [Server thread/INFO]: Player515 joined the game
[14:57:10] [Server thread/INFO]: Saving and pausing game...
[14:57:10] [Server thread/INFO]: Saving chunks for level 'Testing world'/overworld
[14:57:10] [Server thread/INFO]: Saving chunks for level 'Testing world'/the_nether
[14:57:10] [Server thread/INFO]: Saving chunks for level 'Testing world'/the_end
[14:57:10] [main/INFO]: Loaded 27 advancements
[14:57:18] [main/WARN]: Unable to play empty soundEvent: minecraft:entity.small_slime.jump
[14:57:25] [main/INFO]: Stopping!
[14:57:25] [Server thread/INFO]: Stopping server
[14:57:25] [Server thread/INFO]: Saving players
[14:57:25] [Server thread/INFO]: Saving worlds
[14:57:25] [Server thread/INFO]: Saving chunks for level 'Testing world'/overworld
[14:57:25] [Server thread/INFO]: Saving chunks for level 'Testing world'/the_nether
[14:57:25] [Server thread/INFO]: Saving chunks for level 'Testing world'/the_end
[14:57:25] [main/INFO]: SoundSystem shutting down...
[14:57:25] [main/WARN]: Author: Paul Lamb, www.paulscode.com
